<?xml version="1.0" encoding="UTF-8"?>
<!-- Generated by org.testng.reporters.JUnitXMLReporter -->
<testsuite hostname="LPT-0748" ignored="0" name="login page tests" tests="11" failures="2" timestamp="23 Nov 2022 01:25:55 GMT" time="20.328" errors="0">
  <testcase name="doClickOnRegPage" time="1.155" classname="com.qa.opencart.test.LoginPageTest"/>
  <testcase name="doLoginTest" time="2.073" classname="com.qa.opencart.test.LoginPageTest">
    <skipped/>
  </testcase> <!-- doLoginTest -->
  <testcase name="doLoginTest" time="1.596" classname="com.qa.opencart.test.LoginPageTest"/>
  <testcase name="loginPageGetUrl" time="0.083" classname="com.qa.opencart.test.LoginPageTest">
    <skipped/>
  </testcase> <!-- loginPageGetUrl -->
  <testcase name="loginPageGetUrl" time="0.05" classname="com.qa.opencart.test.LoginPageTest">
    <skipped/>
  </testcase> <!-- loginPageGetUrl -->
  <testcase name="loginPageGetUrl" time="0.026" classname="com.qa.opencart.test.LoginPageTest">
    <skipped/>
  </testcase> <!-- loginPageGetUrl -->
  <testcase name="loginPageGetUrl" time="0.027" classname="com.qa.opencart.test.LoginPageTest">
    <failure type="java.lang.AssertionError" message="expected [true] but found [false]">
      <![CDATA[java.lang.AssertionError: expected [true] but found [false]
at com.qa.opencart.test.LoginPageTest.loginPageGetUrl(LoginPageTest.java:38)
at java.util.concurrent.FutureTask.run(FutureTask.java:266)
at java.util.concurrent.ThreadPoolExecutor.runWorker(ThreadPoolExecutor.java:1149)
at java.util.concurrent.ThreadPoolExecutor$Worker.run(ThreadPoolExecutor.java:624)
at java.lang.Thread.run(Thread.java:748)
... Removed 20 stack frames]]>
    </failure>
  </testcase> <!-- loginPageGetUrl -->
  <testcase name="loginPageTitleTest" time="0.035" classname="com.qa.opencart.test.LoginPageTest">
    <skipped/>
  </testcase> <!-- loginPageTitleTest -->
  <testcase name="loginPageTitleTest" time="0.019" classname="com.qa.opencart.test.LoginPageTest">
    <skipped/>
  </testcase> <!-- loginPageTitleTest -->
  <testcase name="loginPageTitleTest" time="0.016" classname="com.qa.opencart.test.LoginPageTest">
    <skipped/>
  </testcase> <!-- loginPageTitleTest -->
  <testcase name="loginPageTitleTest" time="0.015" classname="com.qa.opencart.test.LoginPageTest">
    <failure type="java.lang.AssertionError" message="expected [Account Login] but found [Register Account]">
      <![CDATA[java.lang.AssertionError: expected [Account Login] but found [Register Account]
at com.qa.opencart.test.LoginPageTest.loginPageTitleTest(LoginPageTest.java:29)
at java.util.concurrent.FutureTask.run(FutureTask.java:266)
at java.util.concurrent.ThreadPoolExecutor.runWorker(ThreadPoolExecutor.java:1149)
at java.util.concurrent.ThreadPoolExecutor$Worker.run(ThreadPoolExecutor.java:624)
at java.lang.Thread.run(Thread.java:748)
... Removed 22 stack frames]]>
    </failure>
  </testcase> <!-- loginPageTitleTest -->
</testsuite> <!-- login page tests -->
